0 info it worked if it ends with ok
1 verbose cli [ 'C:\\Program Files\\nodejs\\node.exe',
1 verbose cli   'C:\\Program Files\\nodejs\\node_modules\\npm\\bin\\npm-cli.js',
1 verbose cli   'install',
1 verbose cli   '[--save]',
1 verbose cli   'react-expandable-nav' ]
2 info using npm@3.10.3
3 info using node@v6.6.0
4 silly loadCurrentTree Starting
5 silly install loadCurrentTree
6 silly install readLocalPackageData
7 silly fetchPackageMetaData [--save]
8 silly fetchPackageMetaData react-expandable-nav
9 silly fetchOtherPackageData [--save]
10 silly cache add args [ '[--save]', null ]
11 verbose cache add spec [--save]
12 silly fetchNamedPackageData react-expandable-nav
13 silly mapToRegistry name react-expandable-nav
14 silly mapToRegistry using default registry
15 silly mapToRegistry registry https://registry.npmjs.org/
16 silly mapToRegistry data Result {
16 silly mapToRegistry   raw: 'react-expandable-nav',
16 silly mapToRegistry   scope: null,
16 silly mapToRegistry   escapedName: 'react-expandable-nav',
16 silly mapToRegistry   name: 'react-expandable-nav',
16 silly mapToRegistry   rawSpec: '',
16 silly mapToRegistry   spec: 'latest',
16 silly mapToRegistry   type: 'tag' }
17 silly mapToRegistry uri https://registry.npmjs.org/react-expandable-nav
18 silly cache add parsed spec Result {
18 silly cache add   raw: '[--save]',
18 silly cache add   scope: null,
18 silly cache add   escapedName: null,
18 silly cache add   name: null,
18 silly cache add   rawSpec: '[--save]',
18 silly cache add   spec: 'C:\\Users\\dilpreet\\Webstorm\\portfolio\\[--save]',
18 silly cache add   type: 'local' }
19 error addLocal Could not install C:\Users\dilpreet\Webstorm\portfolio\[--save]
20 silly fetchPackageMetaData Error: ENOENT: no such file or directory, open 'C:\Users\dilpreet\Webstorm\portfolio\[--save]'
20 silly fetchPackageMetaData     at Error (native)
20 silly fetchPackageMetaData  error for [--save] { Error: ENOENT: no such file or directory, open 'C:\Users\dilpreet\Webstorm\portfolio\[--save]'
20 silly fetchPackageMetaData     at Error (native)
20 silly fetchPackageMetaData   errno: -4058,
20 silly fetchPackageMetaData   code: 'ENOENT',
20 silly fetchPackageMetaData   syscall: 'open',
20 silly fetchPackageMetaData   path: 'C:\\Users\\dilpreet\\Webstorm\\portfolio\\[--save]' }
21 verbose request uri https://registry.npmjs.org/react-expandable-nav
22 verbose request no auth needed
23 info attempt registry request try #1 at 12:22:26 PM
24 verbose request id c25b9b78003572ff
25 http request GET https://registry.npmjs.org/react-expandable-nav
26 http 200 https://registry.npmjs.org/react-expandable-nav
27 verbose headers { server: 'CouchDB/1.6.1 (Erlang OTP/R16B03)',
27 verbose headers   etag: '"BJ4Q6U7HYLAQ8D16N7S3ET9QY"',
27 verbose headers   'content-type': 'application/json',
27 verbose headers   'content-encoding': 'gzip',
27 verbose headers   'cache-control': 'max-age=300',
27 verbose headers   'content-length': '5276',
27 verbose headers   'accept-ranges': 'bytes',
27 verbose headers   date: 'Sun, 09 Oct 2016 16:22:22 GMT',
27 verbose headers   via: '1.1 varnish',
27 verbose headers   age: '0',
27 verbose headers   connection: 'keep-alive',
27 verbose headers   'x-served-by': 'cache-ord1739-ORD',
27 verbose headers   'x-cache': 'MISS',
27 verbose headers   'x-cache-hits': '0',
27 verbose headers   'x-timer': 'S1476030142.409949,VS0,VE346',
27 verbose headers   vary: 'Accept-Encoding' }
28 silly get cb [ 200,
28 silly get   { server: 'CouchDB/1.6.1 (Erlang OTP/R16B03)',
28 silly get     etag: '"BJ4Q6U7HYLAQ8D16N7S3ET9QY"',
28 silly get     'content-type': 'application/json',
28 silly get     'content-encoding': 'gzip',
28 silly get     'cache-control': 'max-age=300',
28 silly get     'content-length': '5276',
28 silly get     'accept-ranges': 'bytes',
28 silly get     date: 'Sun, 09 Oct 2016 16:22:22 GMT',
28 silly get     via: '1.1 varnish',
28 silly get     age: '0',
28 silly get     connection: 'keep-alive',
28 silly get     'x-served-by': 'cache-ord1739-ORD',
28 silly get     'x-cache': 'MISS',
28 silly get     'x-cache-hits': '0',
28 silly get     'x-timer': 'S1476030142.409949,VS0,VE346',
28 silly get     vary: 'Accept-Encoding' } ]
29 verbose get saving react-expandable-nav to C:\Users\dilpreet\AppData\Roaming\npm-cache\registry.npmjs.org\react-expandable-nav\.cache.json
30 verbose correctMkdir C:\Users\dilpreet\AppData\Roaming\npm-cache correctMkdir not in flight; initializing
31 silly rollbackFailedOptional Starting
32 silly rollbackFailedOptional Finishing
33 silly runTopLevelLifecycles Starting
34 silly runTopLevelLifecycles Finishing
35 silly install printInstalled
36 verbose stack Error: ENOENT: no such file or directory, open 'C:\Users\dilpreet\Webstorm\portfolio\[--save]'
36 verbose stack     at Error (native)
37 verbose cwd C:\Users\dilpreet\Webstorm\portfolio
38 error Windows_NT 6.1.7601
39 error argv "C:\\Program Files\\nodejs\\node.exe" "C:\\Program Files\\nodejs\\node_modules\\npm\\bin\\npm-cli.js" "install" "[--save]" "react-expandable-nav"
40 error node v6.6.0
41 error npm  v3.10.3
42 error path C:\Users\dilpreet\Webstorm\portfolio\[--save]
43 error code ENOENT
44 error errno -4058
45 error syscall open
46 error enoent ENOENT: no such file or directory, open 'C:\Users\dilpreet\Webstorm\portfolio\[--save]'
47 error enoent ENOENT: no such file or directory, open 'C:\Users\dilpreet\Webstorm\portfolio\[--save]'
47 error enoent This is most likely not a problem with npm itself
47 error enoent and is related to npm not being able to find a file.
48 verbose exit [ -4058, true ]
